c:\users\hadar\desktop\מבוא לתכנות מערכות\final project\cinemacompany\x64\debug\vc143.pdb
c:\users\hadar\desktop\מבוא לתכנות מערכות\final project\cinemacompany\x64\debug\vc143.idb
c:\users\hadar\desktop\מבוא לתכנות מערכות\final project\cinemacompany\x64\debug\time.obj
c:\users\hadar\desktop\מבוא לתכנות מערכות\final project\cinemacompany\x64\debug\ticket.obj
c:\users\hadar\desktop\מבוא לתכנות מערכות\final project\cinemacompany\x64\debug\theater.obj
c:\users\hadar\desktop\מבוא לתכנות מערכות\final project\cinemacompany\x64\debug\showtime.obj
c:\users\hadar\desktop\מבוא לתכנות מערכות\final project\cinemacompany\x64\debug\movie.obj
c:\users\hadar\desktop\מבוא לתכנות מערכות\final project\cinemacompany\x64\debug\main.obj
c:\users\hadar\desktop\מבוא לתכנות מערכות\final project\cinemacompany\x64\debug\list.obj
c:\users\hadar\desktop\מבוא לתכנות מערכות\final project\cinemacompany\x64\debug\general.obj
c:\users\hadar\desktop\מבוא לתכנות מערכות\final project\cinemacompany\x64\debug\date.obj
c:\users\hadar\desktop\מבוא לתכנות מערכות\final project\cinemacompany\x64\debug\costumer.obj
c:\users\hadar\desktop\מבוא לתכנות מערכות\final project\cinemacompany\x64\debug\company.obj
c:\users\hadar\desktop\מבוא לתכנות מערכות\final project\cinemacompany\x64\debug\branch.obj
c:\users\hadar\desktop\מבוא לתכנות מערכות\final project\cinemacompany\x64\debug\cinemacompany.exe
c:\users\hadar\desktop\מבוא לתכנות מערכות\final project\cinemacompany\x64\debug\cinemacompany.ilk
c:\users\hadar\desktop\מבוא לתכנות מערכות\final project\cinemacompany\x64\debug\cinemacompany.pdb
c:\users\hadar\desktop\מבוא לתכנות מערכות\final project\cinemacompany\x64\debug\cinemacompany.tlog\cl.command.1.tlog
c:\users\hadar\desktop\מבוא לתכנות מערכות\final project\cinemacompany\x64\debug\cinemacompany.tlog\cl.items.tlog
c:\users\hadar\desktop\מבוא לתכנות מערכות\final project\cinemacompany\x64\debug\cinemacompany.tlog\cl.read.1.tlog
c:\users\hadar\desktop\מבוא לתכנות מערכות\final project\cinemacompany\x64\debug\cinemacompany.tlog\cl.write.1.tlog
c:\users\hadar\desktop\מבוא לתכנות מערכות\final project\cinemacompany\x64\debug\cinemacompany.tlog\link.command.1.tlog
c:\users\hadar\desktop\מבוא לתכנות מערכות\final project\cinemacompany\x64\debug\cinemacompany.tlog\link.read.1.tlog
c:\users\hadar\desktop\מבוא לתכנות מערכות\final project\cinemacompany\x64\debug\cinemacompany.tlog\link.write.1.tlog
